/home3/xzdj34/MO-BED-project/venv/lib/python3.8/site-packages/gpytorch/utils/cholesky.py:32: UserWarning: torch.cholesky is deprecated in favor of torch.linalg.cholesky and will be removed in a future PyTorch release.
L = torch.cholesky(A)
should be replaced with
L = torch.linalg.cholesky(A)
and
U = torch.cholesky(A, upper=True)
should be replaced with
U = torch.linalg.cholesky(A).mH
This transform will produce equivalent results for all valid (symmetric positive definite) inputs. (Triggered internally at ../aten/src/ATen/native/BatchLinearAlgebra.cpp:1688.)
  L = torch.cholesky(A, upper=upper, out=out)
/home3/xzdj34/MO-BED-project/venv/lib/python3.8/site-packages/gpytorch/lazy/triangular_lazy_tensor.py:124: UserWarning: torch.triangular_solve is deprecated in favor of torch.linalg.solve_triangularand will be removed in a future PyTorch release.
torch.linalg.solve_triangular has its arguments reversed and does not return a copy of one of the inputs.
X = torch.triangular_solve(B, A).solution
should be replaced with
X = torch.linalg.solve_triangular(A, B). (Triggered internally at ../aten/src/ATen/native/BatchLinearAlgebra.cpp:2184.)
  res = torch.triangular_solve(right_tensor, self.evaluate(), upper=self.upper).solution
/home3/xzdj34/MO-BED-project/venv/lib/python3.8/site-packages/gpytorch/models/exact_prediction_strategies.py:233: UserWarning: torch.qr is deprecated in favor of torch.linalg.qr and will be removed in a future PyTorch release.
The boolean parameter 'some' has been replaced with a string parameter 'mode'.
Q, R = torch.qr(A, some)
should be replaced with
Q, R = torch.linalg.qr(A, 'reduced' if some else 'complete') (Triggered internally at ../aten/src/ATen/native/BatchLinearAlgebra.cpp:2416.)
  Q, R = torch.qr(new_root.cpu())
Iter 10/100: 16.158477783203125
Iter 20/100: 14.749113082885742
Iter 30/100: 12.851795196533203
Iter 40/100: 9.035037994384766
0 trials completed
Iter 10/100: 9.30615234375
Iter 10/100: 9.020130157470703
Iter 10/100: 9.028409957885742
Iter 10/100: 8.974038124084473
Iter 10/100: 8.698163986206055
Iter 10/100: 8.831055641174316
Iter 10/100: 8.654589653015137
Iter 10/100: 8.323877334594727
Iter 10/100: 8.178106307983398
Iter 10/100: 8.063525199890137
Iter 10/100: 8.629997253417969
Iter 10/100: 8.953178405761719
Iter 10/100: 8.144017219543457
Iter 20/100: 7.024675369262695
Iter 30/100: 6.677588939666748
Iter 40/100: 6.540503978729248
Iter 10/100: 7.425576210021973
Iter 10/100: 7.085619926452637
Iter 20/100: 6.909793376922607
Iter 30/100: 6.6371307373046875
Iter 10/100: 7.065439224243164
Iter 10/100: 7.1856608390808105
Iter 20/100: 6.950415134429932
Iter 30/100: 6.492839336395264
Iter 40/100: 6.368849754333496
Iter 10/100: 7.266598701477051
Iter 10/100: 7.464200496673584
Iter 20/100: 6.948337554931641
Iter 30/100: 6.341956615447998
Iter 40/100: 6.2610578536987305
Iter 10/100: 6.853219509124756
Iter 20/100: 6.525876522064209
20 trials completed
Iter 10/100: 7.065489768981934
Iter 10/100: 6.714932441711426
Iter 20/100: 6.471584320068359
Iter 30/100: 6.525146961212158
Iter 10/100: 7.006645202636719
Iter 10/100: 6.934162139892578
Iter 20/100: 6.545691967010498
Iter 30/100: 6.218339920043945
Iter 10/100: 6.566446781158447
Iter 10/100: 6.879952430725098
Iter 10/100: 7.067030906677246
Iter 10/100: 6.99082088470459
Iter 20/100: 6.202092170715332
Iter 30/100: 5.9896016120910645
Iter 40/100: 5.859385013580322
Iter 10/100: 6.583212375640869
Iter 10/100: 6.467292308807373
Iter 10/100: 6.508350849151611
Iter 20/100: 6.0402936935424805
Iter 30/100: 5.876256465911865
Iter 10/100: 6.521162509918213
Iter 10/100: 6.518855571746826
Iter 20/100: 6.057867527008057
Iter 30/100: 5.8520331382751465
Iter 10/100: 6.343145847320557
Iter 10/100: 6.520819187164307
Iter 20/100: 5.927326679229736
Iter 30/100: 5.695737838745117
Iter 40/100: 5.621123790740967
Iter 50/100: 5.5506439208984375
Iter 10/100: 6.319159507751465
Iter 10/100: 6.258549690246582
Iter 20/100: 5.693605899810791
Iter 10/100: 6.002480983734131
Iter 10/100: 6.393156051635742
Iter 20/100: 5.828697681427002
Iter 30/100: 5.5461297035217285
Iter 40/100: 5.520639896392822
Iter 10/100: 5.89842414855957
40 trials completed
Iter 10/100: 6.438632965087891
Iter 10/100: 6.054316520690918
Iter 20/100: 5.533203125
Iter 30/100: 5.358213901519775
Iter 10/100: 5.696293354034424
Iter 20/100: 5.515689849853516
Iter 30/100: 5.345211029052734
Iter 40/100: 5.244626522064209
Iter 50/100: 5.1982622146606445
Iter 10/100: 5.901982307434082
Iter 20/100: 5.619032382965088
Iter 30/100: 5.4521684646606445
Iter 10/100: 5.943295001983643
Iter 10/100: 5.997905731201172
Iter 10/100: 5.749134540557861
Iter 20/100: 5.429400444030762
Iter 30/100: 5.197381973266602
Iter 10/100: 5.534555912017822
Iter 10/100: 5.920903205871582
Iter 10/100: 5.743386745452881
Iter 20/100: 5.390918731689453
Iter 10/100: 5.591820240020752
Iter 20/100: 5.205939292907715
Iter 30/100: 5.163485527038574
Iter 40/100: 5.049891471862793
Iter 10/100: 5.453448295593262
Iter 20/100: 5.245699882507324
Iter 10/100: 5.6097025871276855
Iter 10/100: 5.649740695953369
Iter 20/100: 5.162023067474365
Iter 30/100: 5.088586330413818
Iter 10/100: 5.227668762207031
Iter 10/100: 5.519247055053711
Iter 20/100: 5.199434280395508
Iter 30/100: 5.0347514152526855
Iter 40/100: 4.944151878356934
Iter 10/100: 5.121088027954102
Iter 20/100: 4.927241802215576
Iter 10/100: 5.245523452758789
Iter 10/100: 5.296146869659424
Iter 20/100: 4.889873504638672
Iter 10/100: 5.046280384063721
Iter 20/100: 4.810962200164795
60 trials completed
Iter 10/100: 5.0193376541137695
Iter 10/100: 4.943023681640625
Iter 10/100: 5.239389419555664
Iter 10/100: 5.303618907928467
Iter 20/100: 4.960293292999268
Iter 30/100: 4.717383861541748
Iter 40/100: 4.540866851806641
Iter 10/100: 4.802352428436279
Iter 10/100: 5.042154788970947
Iter 20/100: 4.689869403839111
Iter 30/100: 4.593643665313721
Iter 10/100: 4.97667121887207
Iter 10/100: 5.079920768737793
Iter 20/100: 4.604287624359131
Iter 10/100: 4.65172815322876
Iter 10/100: 5.102966785430908
Iter 10/100: 4.948432445526123
Iter 20/100: 4.629666805267334
Iter 30/100: 4.353979110717773
Iter 40/100: 4.305429935455322
Iter 10/100: 4.719187259674072
Iter 20/100: 4.536952018737793
Iter 10/100: 4.577511787414551
Iter 10/100: 4.475296497344971
Iter 10/100: 4.742297649383545
Iter 10/100: 4.4875335693359375
Iter 20/100: 4.33165979385376
Iter 10/100: 4.437568187713623
Iter 10/100: 4.611358165740967
Iter 10/100: 4.36388635635376
Iter 20/100: 4.199565887451172
Iter 10/100: 4.573756217956543
Iter 20/100: 4.36611270904541
80 trials completed
Iter 10/100: 4.293722152709961
Iter 20/100: 4.1407904624938965
Iter 10/100: 4.3375678062438965
Iter 10/100: 4.190796852111816
Iter 10/100: 4.47676420211792
Iter 20/100: 4.144460201263428
Iter 30/100: 3.985541343688965
Iter 10/100: 4.023181915283203
Iter 10/100: 4.131361961364746
Iter 10/100: 4.166104793548584
Iter 20/100: 4.032046318054199
Iter 30/100: 4.005865097045898
Iter 40/100: 3.97139310836792
Iter 10/100: 4.086877822875977
Iter 10/100: 4.152138710021973
Iter 10/100: 4.192370414733887
Iter 10/100: 3.9526233673095703
Iter 10/100: 4.058016777038574
Iter 10/100: 3.991856098175049
Iter 10/100: 3.8759329319000244
Iter 10/100: 3.926947832107544
Iter 20/100: 3.7525227069854736
Iter 30/100: 3.6515188217163086
Iter 10/100: 3.8627099990844727
Iter 10/100: 3.8491926193237305
Iter 10/100: 3.852945327758789
Iter 10/100: 3.9324491024017334
Iter 10/100: 3.743633985519409
(0.29714285714285715, 4860624896.0, 174.55455708503723)
