/home3/xzdj34/MO-BED-project/venv/lib/python3.8/site-packages/gpytorch/utils/cholesky.py:32: UserWarning: torch.cholesky is deprecated in favor of torch.linalg.cholesky and will be removed in a future PyTorch release.
L = torch.cholesky(A)
should be replaced with
L = torch.linalg.cholesky(A)
and
U = torch.cholesky(A, upper=True)
should be replaced with
U = torch.linalg.cholesky(A).mH
This transform will produce equivalent results for all valid (symmetric positive definite) inputs. (Triggered internally at ../aten/src/ATen/native/BatchLinearAlgebra.cpp:1688.)
  L = torch.cholesky(A, upper=upper, out=out)
/home3/xzdj34/MO-BED-project/venv/lib/python3.8/site-packages/gpytorch/lazy/triangular_lazy_tensor.py:124: UserWarning: torch.triangular_solve is deprecated in favor of torch.linalg.solve_triangularand will be removed in a future PyTorch release.
torch.linalg.solve_triangular has its arguments reversed and does not return a copy of one of the inputs.
X = torch.triangular_solve(B, A).solution
should be replaced with
X = torch.linalg.solve_triangular(A, B). (Triggered internally at ../aten/src/ATen/native/BatchLinearAlgebra.cpp:2184.)
  res = torch.triangular_solve(right_tensor, self.evaluate(), upper=self.upper).solution
/home3/xzdj34/MO-BED-project/venv/lib/python3.8/site-packages/gpytorch/models/exact_prediction_strategies.py:233: UserWarning: torch.qr is deprecated in favor of torch.linalg.qr and will be removed in a future PyTorch release.
The boolean parameter 'some' has been replaced with a string parameter 'mode'.
Q, R = torch.qr(A, some)
should be replaced with
Q, R = torch.linalg.qr(A, 'reduced' if some else 'complete') (Triggered internally at ../aten/src/ATen/native/BatchLinearAlgebra.cpp:2416.)
  Q, R = torch.qr(new_root.cpu())
Iter 10/100: 16.13308334350586
Iter 20/100: 14.715899467468262
Iter 30/100: 12.772040367126465
Iter 40/100: 8.864002227783203
0 trials completed
Iter 10/100: 9.085004806518555
Iter 10/100: 9.202712059020996
Iter 10/100: 9.109793663024902
Iter 10/100: 8.874303817749023
Iter 10/100: 8.458102226257324
Iter 10/100: 8.788299560546875
Iter 10/100: 8.65263557434082
Iter 10/100: 8.513858795166016
Iter 10/100: 8.619314193725586
Iter 10/100: 8.048108100891113
Iter 10/100: 8.157857894897461
Iter 20/100: 7.422510623931885
Iter 30/100: 6.643840312957764
Iter 40/100: 6.348149299621582
Iter 50/100: 6.342496395111084
Iter 60/100: 6.305170059204102
Iter 10/100: 7.488641738891602
Iter 10/100: 7.833561420440674
Iter 10/100: 7.581878185272217
Iter 20/100: 6.740858554840088
Iter 30/100: 6.396906852722168
Iter 10/100: 6.847862243652344
Iter 20/100: 6.3578596115112305
Iter 30/100: 6.2442545890808105
Iter 10/100: 6.881086349487305
Iter 10/100: 7.572385787963867
Iter 20/100: 6.84398889541626
Iter 30/100: 6.243476390838623
Iter 40/100: 6.148462772369385
Iter 10/100: 6.6504902839660645
Iter 10/100: 6.791677474975586
Iter 10/100: 7.063502311706543
20 trials completed
Iter 10/100: 6.826080322265625
Iter 20/100: 6.204729080200195
Iter 30/100: 6.049163818359375
Iter 10/100: 6.370555877685547
Iter 10/100: 6.526984214782715
Iter 10/100: 6.336354732513428
Iter 10/100: 6.47171688079834
Iter 10/100: 6.685402870178223
Iter 10/100: 6.45498514175415
Iter 10/100: 6.761477470397949
Iter 10/100: 6.506631851196289
Iter 10/100: 6.281006813049316
Iter 10/100: 6.06492280960083
Iter 10/100: 6.573517322540283
Iter 10/100: 6.297617435455322
Iter 10/100: 6.402717590332031
Iter 10/100: 6.275447368621826
Iter 10/100: 5.9199347496032715
Iter 10/100: 5.866713523864746
Iter 10/100: 5.919309139251709
Iter 10/100: 5.786253929138184
Iter 10/100: 5.6885666847229
40 trials completed
Iter 10/100: 5.71232795715332
Iter 10/100: 5.650386810302734
Iter 10/100: 5.5853471755981445
Iter 10/100: 5.600756645202637
Iter 10/100: 5.917338848114014
Iter 10/100: 5.9871134757995605
Iter 10/100: 5.758448600769043
Iter 20/100: 5.124952793121338
Iter 30/100: 4.93349027633667
Iter 10/100: 5.197347640991211
Iter 10/100: 5.16805362701416
Iter 10/100: 5.253398895263672
Iter 20/100: 5.0300068855285645
Iter 10/100: 5.2050957679748535
Iter 20/100: 4.893670558929443
Iter 10/100: 5.075000286102295
Iter 10/100: 5.169164657592773
Iter 10/100: 5.163129806518555
Iter 10/100: 5.216382026672363
Iter 20/100: 4.827698230743408
Iter 30/100: 4.808296203613281
Iter 10/100: 4.746126651763916
Iter 20/100: 4.701270580291748
Iter 30/100: 4.6247053146362305
Iter 10/100: 4.814064025878906
Iter 20/100: 4.798755168914795
Iter 10/100: 5.026915073394775
Iter 20/100: 4.779388427734375
Iter 10/100: 4.749579906463623
Iter 20/100: 4.7057976722717285
Iter 30/100: 4.5523762702941895
Iter 40/100: 4.435425758361816
Iter 10/100: 4.693033218383789
Iter 20/100: 4.610403060913086
Iter 30/100: 4.449401378631592
Iter 40/100: 4.361238479614258
60 trials completed
Iter 10/100: 4.575860023498535
Iter 20/100: 4.590306758880615
Iter 30/100: 4.418614864349365
Iter 40/100: 4.294352054595947
Iter 10/100: 4.605465412139893
Iter 10/100: 4.460205078125
Iter 10/100: 4.650350570678711
Iter 20/100: 4.509781837463379
Iter 10/100: 4.631931781768799
Iter 20/100: 4.4507670402526855
Iter 30/100: 4.433920383453369
Iter 10/100: 4.831681728363037
Iter 20/100: 4.513612747192383
Iter 30/100: 4.287561416625977
Iter 40/100: 4.15252161026001
Iter 10/100: 4.4043097496032715
Iter 10/100: 4.402020454406738
Iter 20/100: 4.318995952606201
Iter 10/100: 4.396121501922607
Iter 20/100: 4.397446632385254
Iter 30/100: 4.232463836669922
Iter 40/100: 4.071929454803467
Iter 50/100: 4.049304962158203
Iter 10/100: 4.36210823059082
Iter 20/100: 4.300180435180664
Iter 30/100: 4.1903605461120605
Iter 40/100: 4.118870258331299
Iter 10/100: 4.271679401397705
Iter 20/100: 4.388393402099609
Iter 10/100: 4.397268772125244
Iter 20/100: 4.3187255859375
Iter 30/100: 4.134353160858154
Iter 40/100: 4.044475078582764
Iter 10/100: 4.180582523345947
Iter 10/100: 4.415754795074463
Iter 20/100: 4.251768112182617
Iter 30/100: 4.097116470336914
Iter 10/100: 4.567975044250488
Iter 10/100: 4.697444438934326
Iter 10/100: 4.120971202850342
Iter 20/100: 4.097843647003174
Iter 10/100: 4.716841220855713
Iter 10/100: 4.453834533691406
Iter 20/100: 4.202398300170898
Iter 30/100: 3.960404634475708
Iter 40/100: 3.928628444671631
Iter 10/100: 4.0363054275512695
Iter 20/100: 3.9922609329223633
80 trials completed
Iter 10/100: 3.9574499130249023
Iter 10/100: 3.971595287322998
Iter 20/100: 3.9909894466400146
Iter 30/100: 3.876150131225586
Iter 40/100: 3.859696626663208
Iter 10/100: 3.8794004917144775
Iter 10/100: 3.9870479106903076
Iter 20/100: 3.9488306045532227
Iter 10/100: 3.782036066055298
Iter 10/100: 3.9402687549591064
Iter 20/100: 3.8487486839294434
Iter 30/100: 3.6618785858154297
Iter 10/100: 3.782855987548828
Iter 20/100: 3.7816097736358643
Iter 30/100: 3.660665273666382
Iter 40/100: 3.5583629608154297
Iter 10/100: 3.8181748390197754
Iter 20/100: 3.803562879562378
Iter 30/100: 3.7320291996002197
Iter 40/100: 3.6308767795562744
Iter 10/100: 3.8288094997406006
Iter 20/100: 3.816673994064331
Iter 10/100: 4.099013805389404
Iter 20/100: 3.8935353755950928
Iter 30/100: 3.633890151977539
Iter 10/100: 3.7370736598968506
Iter 10/100: 3.689204216003418
Iter 20/100: 3.6808009147644043
Iter 30/100: 3.525880813598633
Iter 10/100: 3.779484987258911
Iter 10/100: 3.9916114807128906
Iter 10/100: 3.725128173828125
Iter 20/100: 3.588376998901367
Iter 30/100: 3.408705234527588
Iter 10/100: 3.5734927654266357
Iter 10/100: 3.4517664909362793
Iter 10/100: 3.879487991333008
Iter 20/100: 3.554068088531494
Iter 30/100: 3.3930420875549316
Iter 10/100: 3.6339125633239746
Iter 20/100: 3.4834747314453125
Iter 30/100: 3.348139762878418
Iter 10/100: 3.7745509147644043
(0.4114285714285714, 1864503936.0, 167.17931485176086)
