/home3/xzdj34/MO-BED-project/venv/lib/python3.8/site-packages/gpytorch/utils/cholesky.py:32: UserWarning: torch.cholesky is deprecated in favor of torch.linalg.cholesky and will be removed in a future PyTorch release.
L = torch.cholesky(A)
should be replaced with
L = torch.linalg.cholesky(A)
and
U = torch.cholesky(A, upper=True)
should be replaced with
U = torch.linalg.cholesky(A).mH
This transform will produce equivalent results for all valid (symmetric positive definite) inputs. (Triggered internally at ../aten/src/ATen/native/BatchLinearAlgebra.cpp:1688.)
  L = torch.cholesky(A, upper=upper, out=out)
/home3/xzdj34/MO-BED-project/venv/lib/python3.8/site-packages/gpytorch/lazy/triangular_lazy_tensor.py:124: UserWarning: torch.triangular_solve is deprecated in favor of torch.linalg.solve_triangularand will be removed in a future PyTorch release.
torch.linalg.solve_triangular has its arguments reversed and does not return a copy of one of the inputs.
X = torch.triangular_solve(B, A).solution
should be replaced with
X = torch.linalg.solve_triangular(A, B). (Triggered internally at ../aten/src/ATen/native/BatchLinearAlgebra.cpp:2184.)
  res = torch.triangular_solve(right_tensor, self.evaluate(), upper=self.upper).solution
/home3/xzdj34/MO-BED-project/venv/lib/python3.8/site-packages/gpytorch/models/exact_prediction_strategies.py:233: UserWarning: torch.qr is deprecated in favor of torch.linalg.qr and will be removed in a future PyTorch release.
The boolean parameter 'some' has been replaced with a string parameter 'mode'.
Q, R = torch.qr(A, some)
should be replaced with
Q, R = torch.linalg.qr(A, 'reduced' if some else 'complete') (Triggered internally at ../aten/src/ATen/native/BatchLinearAlgebra.cpp:2416.)
  Q, R = torch.qr(new_root.cpu())
Iter 10/100: 16.83283233642578
Iter 20/100: 15.375783920288086
Iter 30/100: 13.783685684204102
Iter 40/100: 10.59595775604248
0 trials completed
Iter 10/100: 10.78573989868164
Iter 10/100: 10.80456829071045
Iter 10/100: 10.847038269042969
Iter 10/100: 10.746114730834961
Iter 10/100: 10.763978004455566
Iter 10/100: 10.669514656066895
Iter 10/100: 10.716126441955566
Iter 10/100: 10.588130950927734
Iter 10/100: 10.642769813537598
Iter 10/100: 10.556198120117188
Iter 10/100: 10.530547142028809
Iter 10/100: 10.274235725402832
Iter 10/100: 10.431550979614258
Iter 10/100: 10.526700019836426
Iter 10/100: 10.43708610534668
Iter 10/100: 10.439871788024902
Iter 10/100: 10.434026718139648
Iter 10/100: 10.356807708740234
Iter 10/100: 10.321090698242188
Iter 10/100: 10.333075523376465
20 trials completed
Iter 10/100: 10.2827787399292
Iter 10/100: 10.263803482055664
Iter 10/100: 10.245710372924805
Iter 10/100: 10.210624694824219
Iter 10/100: 10.193992614746094
Iter 10/100: 10.152779579162598
Iter 10/100: 10.109807968139648
Iter 10/100: 10.086211204528809
Iter 10/100: 10.027353286743164
Iter 10/100: 9.992953300476074
Iter 10/100: 9.9185152053833
Iter 10/100: 9.880265235900879
Iter 10/100: 9.801405906677246
Iter 10/100: 9.740205764770508
Iter 10/100: 9.764093399047852
Iter 10/100: 9.667835235595703
Iter 10/100: 9.655186653137207
Iter 10/100: 9.540190696716309
Iter 10/100: 9.605494499206543
Iter 10/100: 9.429838180541992
40 trials completed
Iter 10/100: 9.609773635864258
Iter 10/100: 9.579305648803711
Iter 10/100: 9.482972145080566
Iter 10/100: 9.356616973876953
Iter 10/100: 9.509068489074707
Iter 10/100: 9.330106735229492
Iter 10/100: 9.227760314941406
Iter 10/100: 9.210997581481934
Iter 10/100: 9.242805480957031
Iter 10/100: 8.738560676574707
Iter 10/100: 8.810379028320312
Iter 10/100: 8.740543365478516
Iter 10/100: 8.99819564819336
Iter 10/100: 9.202156066894531
Iter 10/100: 8.912961959838867
Iter 10/100: 8.57771110534668
Iter 10/100: 8.801141738891602
Iter 10/100: 8.28168773651123
Iter 20/100: 7.288631439208984
Iter 30/100: 6.914470195770264
Iter 40/100: 6.675053119659424
Iter 10/100: 7.4106831550598145
Iter 10/100: 7.924511432647705
60 trials completed
Iter 10/100: 8.550765991210938
Iter 10/100: 8.014505386352539
Iter 10/100: 7.956988334655762
Iter 10/100: 7.737062931060791
Iter 20/100: 7.017018795013428
Iter 30/100: 6.473276615142822
Iter 40/100: 6.277770519256592
Iter 10/100: 7.364293575286865
Iter 10/100: 7.624942302703857
Iter 10/100: 8.163756370544434
Iter 10/100: 8.503735542297363
Iter 10/100: 7.978022575378418
Iter 10/100: 8.035033226013184
Iter 10/100: 7.386714458465576
Iter 20/100: 6.425973415374756
Iter 30/100: 6.212367534637451
Iter 40/100: 5.9546380043029785
Iter 50/100: 5.9845709800720215
Iter 10/100: 6.647493839263916
Iter 10/100: 6.93574857711792
Iter 10/100: 6.904428005218506
Iter 20/100: 6.580307483673096
Iter 30/100: 6.10177755355835
Iter 40/100: 5.813753604888916
Iter 10/100: 6.561463832855225
Iter 10/100: 6.973886489868164
Iter 20/100: 6.460873603820801
Iter 30/100: 6.0146026611328125
Iter 40/100: 5.899401664733887
Iter 10/100: 6.3856940269470215
Iter 10/100: 6.746188163757324
Iter 20/100: 6.218624114990234
Iter 30/100: 5.844696998596191
Iter 40/100: 5.820975303649902
Iter 10/100: 6.361725807189941
Iter 10/100: 6.548086643218994
Iter 20/100: 6.196482181549072
Iter 30/100: 5.738999366760254
Iter 40/100: 5.776130199432373
80 trials completed
Iter 10/100: 6.267832279205322
Iter 10/100: 6.359125137329102
Iter 20/100: 5.842044353485107
Iter 30/100: 5.705466270446777
Iter 10/100: 6.366766452789307
Iter 10/100: 6.316042900085449
Iter 20/100: 5.801602840423584
Iter 30/100: 5.743433952331543
Iter 40/100: 5.489573001861572
Iter 10/100: 6.165302276611328
Iter 10/100: 6.3079962730407715
Iter 20/100: 5.711936950683594
Iter 30/100: 5.590170383453369
Iter 40/100: 5.447694301605225
Iter 10/100: 6.0583600997924805
Iter 10/100: 6.638857364654541
Iter 10/100: 6.204061508178711
Iter 20/100: 5.622620582580566
Iter 30/100: 5.396440505981445
Iter 40/100: 5.3260498046875
Iter 10/100: 5.945070266723633
Iter 10/100: 6.391147136688232
Iter 10/100: 5.9327287673950195
Iter 10/100: 5.819667816162109
Iter 10/100: 5.694053649902344
Iter 10/100: 5.633033275604248
Iter 10/100: 5.695687770843506
Iter 10/100: 5.815688133239746
Iter 10/100: 5.530263900756836
Iter 10/100: 5.387761116027832
Iter 10/100: 5.59737491607666
Iter 20/100: 5.163255214691162
Iter 30/100: 4.949285984039307
100 trials completed
Iter 10/100: 5.21750020980835
Iter 10/100: 5.550812244415283
Iter 10/100: 5.415186882019043
Iter 10/100: 5.433213710784912
Iter 10/100: 5.310546875
Iter 10/100: 5.35671854019165
Iter 10/100: 5.324084758758545
Iter 10/100: 5.253002643585205
Iter 20/100: 4.958417892456055
Iter 30/100: 4.5832624435424805
Iter 10/100: 5.017030239105225
Iter 10/100: 5.221585273742676
Iter 20/100: 4.7310309410095215
Iter 30/100: 4.478357315063477
Iter 10/100: 4.9355082511901855
Iter 10/100: 5.001737117767334
Iter 20/100: 4.653117656707764
Iter 30/100: 4.43306827545166
Iter 10/100: 4.863890647888184
Iter 10/100: 4.918277740478516
Iter 20/100: 4.626847267150879
Iter 30/100: 4.382247447967529
Iter 10/100: 4.785149574279785
Iter 10/100: 4.8194499015808105
Iter 20/100: 4.561391830444336
Iter 30/100: 4.243917465209961
Iter 40/100: 4.232579231262207
Iter 10/100: 4.65589714050293
Iter 10/100: 4.616765022277832
Iter 10/100: 4.714399814605713
Iter 10/100: 4.898640155792236
120 trials completed
Iter 10/100: 4.892509937286377
Iter 10/100: 4.691788673400879
Iter 10/100: 4.71977424621582
Iter 10/100: 4.72666597366333
Iter 10/100: 4.744374752044678
Iter 20/100: 4.206653118133545
Iter 30/100: 4.02886962890625
Iter 40/100: 3.905946969985962
Iter 10/100: 4.701353549957275
Iter 20/100: 4.213366508483887
Iter 30/100: 4.013422012329102
Iter 40/100: 3.8388092517852783
Iter 10/100: 4.369213104248047
Iter 20/100: 4.096734523773193
Iter 10/100: 4.149017333984375
Iter 10/100: 4.5056047439575195
Iter 10/100: 4.165481090545654
Iter 10/100: 4.386822700500488
Iter 10/100: 4.173134803771973
Iter 20/100: 3.93973445892334
Iter 10/100: 3.9882283210754395
Iter 10/100: 4.0579915046691895
Iter 10/100: 3.9722228050231934
Iter 20/100: 3.890166997909546
Iter 30/100: 3.7361464500427246
Iter 10/100: 3.9188032150268555
Iter 10/100: 4.092848300933838
Iter 20/100: 3.7725558280944824
Iter 30/100: 3.648728132247925
Iter 10/100: 4.245263576507568
Iter 10/100: 4.0788469314575195
Iter 20/100: 3.7625732421875
Iter 30/100: 3.7891175746917725
Iter 10/100: 3.863239288330078
140 trials completed
Iter 10/100: 3.875039577484131
Iter 10/100: 3.7731261253356934
Iter 20/100: 3.5627551078796387
Iter 30/100: 3.511918783187866
Iter 10/100: 3.6368417739868164
Iter 10/100: 3.685415744781494
Iter 10/100: 3.6030635833740234
Iter 10/100: 3.6265032291412354
Iter 20/100: 3.4705870151519775
Iter 30/100: 3.3285233974456787
Iter 10/100: 3.514756441116333
Iter 10/100: 3.4300425052642822
Iter 10/100: 4.052593231201172
Iter 10/100: 3.628328800201416
Iter 20/100: 3.2997405529022217
Iter 30/100: 3.263000965118408
Iter 40/100: 3.1591391563415527
Iter 10/100: 3.5295891761779785
Iter 20/100: 3.2783617973327637
Iter 30/100: 3.169177532196045
Iter 40/100: 3.0576040744781494
Iter 10/100: 3.5019001960754395
Iter 20/100: 3.2920262813568115
Iter 30/100: 3.1021780967712402
Iter 40/100: 3.0230212211608887
Iter 10/100: 3.3597848415374756
Iter 10/100: 3.25075626373291
Iter 20/100: 3.1596193313598633
Iter 10/100: 3.2907919883728027
Iter 10/100: 3.3578929901123047
Iter 20/100: 3.2002954483032227
Iter 30/100: 3.041754722595215
Iter 40/100: 2.8846428394317627
Iter 10/100: 3.5608458518981934
Iter 10/100: 3.137812376022339
Iter 10/100: 3.2209486961364746
Iter 20/100: 3.0423436164855957
Iter 30/100: 2.966426134109497
Iter 10/100: 3.508619785308838
160 trials completed
Iter 10/100: 3.228025436401367
Iter 20/100: 2.890512228012085
Iter 10/100: 3.14502215385437
Iter 20/100: 2.923057794570923
Iter 30/100: 2.8721976280212402
Iter 10/100: 3.015031099319458
Iter 20/100: 2.9160854816436768
Iter 10/100: 3.1530628204345703
Iter 10/100: 3.387028217315674
Iter 10/100: 2.9235639572143555
Iter 20/100: 2.7835288047790527
Iter 10/100: 2.9149112701416016
Iter 20/100: 2.7226383686065674
Iter 10/100: 2.9601409435272217
Iter 20/100: 2.6971628665924072
Iter 10/100: 2.8818464279174805
Iter 20/100: 2.6751585006713867
Iter 30/100: 2.627079486846924
Iter 10/100: 2.8758108615875244
Iter 20/100: 2.7060885429382324
Iter 30/100: 2.7687575817108154
Iter 10/100: 2.733067750930786
Iter 10/100: 2.7040302753448486
Iter 20/100: 2.5783889293670654
Iter 30/100: 2.5538651943206787
Iter 10/100: 2.8102669715881348
Iter 20/100: 2.584026336669922
Iter 10/100: 2.832106113433838
Iter 20/100: 2.62581205368042
Iter 30/100: 2.51137638092041
Iter 40/100: 2.4352521896362305
Iter 10/100: 2.4903903007507324
Iter 20/100: 2.4557809829711914
Iter 10/100: 2.6568682193756104
Iter 20/100: 2.491875648498535
Iter 10/100: 2.6580862998962402
Iter 20/100: 2.444643020629883
Iter 10/100: 2.91851806640625
Iter 10/100: 2.6063790321350098
Iter 20/100: 2.5176572799682617
Iter 30/100: 2.3295722007751465
Iter 40/100: 2.262747287750244
Iter 10/100: 2.776203155517578
180 trials completed
Iter 10/100: 2.4801886081695557
Iter 10/100: 2.3821139335632324
Iter 20/100: 2.231245994567871
Iter 10/100: 2.3582839965820312
Iter 10/100: 2.505631446838379
Iter 10/100: 2.3377845287323
Iter 20/100: 2.180166244506836
Iter 10/100: 2.2529168128967285
Iter 20/100: 2.141895294189453
Iter 30/100: 2.021892547607422
Iter 10/100: 2.2686572074890137
Iter 20/100: 2.0555734634399414
Iter 10/100: 2.186094284057617
Iter 10/100: 2.340546131134033
Iter 20/100: 2.125786304473877
Iter 30/100: 1.9491477012634277
Iter 10/100: 2.057662010192871
Iter 10/100: 2.5881309509277344
Iter 20/100: 2.179152727127075
Iter 10/100: 2.236764430999756
Iter 20/100: 2.0520882606506348
Iter 10/100: 2.3878939151763916
Iter 20/100: 2.205592632293701
Iter 10/100: 2.0418901443481445
Iter 10/100: 2.097515821456909
Iter 20/100: 1.9739599227905273
Iter 30/100: 1.8157881498336792
Iter 10/100: 1.9954652786254883
Iter 10/100: 2.0411629676818848
Iter 20/100: 1.9359347820281982
Iter 10/100: 2.0705819129943848
Iter 10/100: 2.071326494216919
Iter 20/100: 1.831897258758545
Iter 30/100: 1.681607961654663
Iter 10/100: 1.7985690832138062
200 trials completed
Iter 10/100: 1.954634666442871
Iter 10/100: 1.8936989307403564
Iter 10/100: 1.8837394714355469
Iter 10/100: 1.9263700246810913
Iter 20/100: 1.887519359588623
Iter 10/100: 1.7903554439544678
Iter 10/100: 1.7963283061981201
Iter 10/100: 1.8813601732254028
Iter 10/100: 2.0882837772369385
Iter 20/100: 1.7155745029449463
Iter 10/100: 1.862084150314331
Iter 10/100: 1.924286127090454
Iter 20/100: 1.7056227922439575
Iter 10/100: 1.5731298923492432
Iter 10/100: 1.5579074621200562
Iter 10/100: 1.8079814910888672
Iter 10/100: 1.6138837337493896
Iter 10/100: 1.6798943281173706
Iter 20/100: 1.4469714164733887
Iter 10/100: 1.4029533863067627
Iter 10/100: 1.765264630317688
Iter 10/100: 1.4590721130371094
Iter 20/100: 1.3220269680023193
Iter 10/100: 2.044326066970825
Iter 10/100: 1.5712487697601318
220 trials completed
Iter 10/100: 1.555683970451355
Iter 10/100: 1.4664376974105835
Iter 10/100: 1.6264485120773315
Iter 20/100: 1.2863229513168335
Iter 10/100: 1.395040512084961
Iter 10/100: 1.3255059719085693
Iter 10/100: 1.2276129722595215
Iter 20/100: 1.262734293937683
Iter 10/100: 1.3918702602386475
Iter 20/100: 1.2598533630371094
Iter 30/100: 0.9760655760765076
Iter 10/100: 1.267054796218872
Iter 10/100: 1.4054186344146729
Iter 20/100: 1.1419425010681152
Iter 10/100: 1.085939884185791
Iter 10/100: 1.2751870155334473
Iter 20/100: 1.0836639404296875
Iter 30/100: 0.955510139465332
Iter 10/100: 1.2116672992706299
Iter 10/100: 1.2885242700576782
Iter 10/100: 1.1539310216903687
Iter 20/100: 1.022306203842163
Iter 10/100: 1.1230114698410034
Iter 20/100: 1.1300666332244873
Iter 10/100: 1.2645998001098633
Iter 20/100: 1.009850263595581
Iter 10/100: 0.9503709077835083
Iter 20/100: 0.9090400338172913
Iter 10/100: 0.9202767610549927
Iter 10/100: 0.9989295601844788
Iter 20/100: 0.9702573418617249
Iter 30/100: 0.7855191826820374
Iter 10/100: 0.9504344463348389
240 trials completed
Iter 10/100: 1.0387591123580933
Iter 20/100: 0.9826458096504211
Iter 10/100: 0.9364700317382812
Iter 10/100: 1.1460504531860352
Iter 20/100: 0.8425615429878235
Iter 10/100: 1.20926833152771
Iter 20/100: 0.8045538067817688
Iter 30/100: 0.6393568515777588
Iter 10/100: 0.9195960760116577
Iter 20/100: 0.7339275479316711
Iter 10/100: 0.7726508378982544
Iter 10/100: 0.746995747089386
Iter 10/100: 0.8269316554069519
Iter 10/100: 1.4464166164398193
Iter 10/100: 1.0079185962677002
Iter 20/100: 0.8583325147628784
Iter 30/100: 0.591404914855957
Iter 10/100: 0.9910690188407898
Iter 10/100: 0.7839176058769226
Iter 20/100: 0.7036552429199219
Iter 30/100: 0.4722058176994324
Iter 10/100: 0.6202677488327026
Iter 10/100: 0.7311415076255798
Iter 20/100: 0.5386013984680176
Iter 10/100: 1.3170089721679688
Iter 10/100: 0.5138567686080933
Iter 10/100: 0.5606572031974792
Iter 10/100: 1.1490135192871094
Iter 20/100: 0.4484882950782776
Iter 10/100: 0.4284058213233948
Iter 10/100: 0.6345563530921936
260 trials completed
Iter 10/100: 0.36868512630462646
Iter 10/100: 0.5542446970939636
Iter 20/100: 0.5404807925224304
Iter 10/100: 0.39676588773727417
Iter 10/100: 0.33801138401031494
Iter 10/100: 0.3839283585548401
Iter 20/100: 0.3131803870201111
Iter 10/100: 0.4209357500076294
Iter 10/100: 0.4562578797340393
Iter 20/100: 0.23712903261184692
Iter 10/100: 1.4570139646530151
Iter 10/100: 0.270280659198761
Iter 10/100: 0.277435302734375
Iter 10/100: 0.22440451383590698
Iter 10/100: 0.17749541997909546
Iter 10/100: 0.17360949516296387
Iter 10/100: 0.18807822465896606
Iter 20/100: 0.2252252697944641
Iter 10/100: 0.7189916968345642
Iter 20/100: 0.1748567819595337
Iter 10/100: 0.07722270488739014
Iter 10/100: 0.006777346134185791
Iter 10/100: 0.0815919041633606
Iter 10/100: 0.033859312534332275
Iter 10/100: 0.6103664636611938
280 trials completed
Iter 10/100: -0.012183010578155518
Iter 10/100: 0.029880285263061523
Iter 10/100: 0.4856601357460022
Iter 10/100: -0.10814917087554932
Iter 10/100: -0.14706683158874512
Iter 10/100: 0.630626916885376
Iter 10/100: 0.0029778480529785156
Iter 10/100: -0.19775575399398804
Iter 10/100: -0.07952147722244263
Iter 20/100: -0.08666610717773438
Iter 10/100: 0.3797021508216858
Iter 20/100: -0.2498963475227356
Iter 10/100: -0.3355385661125183
Iter 10/100: 0.502877950668335
Iter 10/100: -0.2886658310890198
Iter 10/100: 0.09196090698242188
Iter 10/100: 0.515864372253418
Iter 10/100: 0.17641180753707886
Iter 10/100: 0.5019870400428772
Iter 10/100: -0.30259203910827637
Iter 10/100: -0.4094204902648926
Iter 10/100: -0.27417004108428955
(0.262, 344837408.0, 695.350359916687)
